0 info it worked if it ends with ok
1 verbose cli [ '/Users/colegentry/.nvm/versions/node/v0.12.4/bin/node',
1 verbose cli   '/Users/colegentry/.nvm/versions/node/v0.12.4/bin/npm',
1 verbose cli   'install',
1 verbose cli   '-verbose' ]
2 info using npm@2.10.1
3 info using node@v0.12.4
4 verbose readDependencies loading dependencies from /Users/colegentry/Documents/proj/caniapplepay/angularversion/package.json
5 error install Couldn't read dependencies
6 verbose stack Error: ENOENT, open '/Users/colegentry/Documents/proj/caniapplepay/angularversion/package.json'
6 verbose stack     at Error (native)
7 verbose cwd /Users/colegentry/Documents/proj/caniapplepay/angularversion
8 error Darwin 14.4.0
9 error argv "/Users/colegentry/.nvm/versions/node/v0.12.4/bin/node" "/Users/colegentry/.nvm/versions/node/v0.12.4/bin/npm" "install" "-verbose"
10 error node v0.12.4
11 error npm  v2.10.1
12 error path /Users/colegentry/Documents/proj/caniapplepay/angularversion/package.json
13 error code ENOPACKAGEJSON
14 error errno -2
15 error package.json ENOENT, open '/Users/colegentry/Documents/proj/caniapplepay/angularversion/package.json'
15 error package.json This is most likely not a problem with npm itself.
15 error package.json npm can't find a package.json file in your current directory.
16 verbose exit [ -2, true ]
